[0.000000] (-) TimerEvent: {}
[0.000221] (lidar_reg) JobQueued: {'identifier': 'lidar_reg', 'dependencies': OrderedDict()}
[0.000447] (regulation_ang) JobQueued: {'identifier': 'regulation_ang', 'dependencies': OrderedDict()}
[0.000466] (regulation_vel) JobQueued: {'identifier': 'regulation_vel', 'dependencies': OrderedDict()}
[0.000481] (shin_detector) JobQueued: {'identifier': 'shin_detector', 'dependencies': OrderedDict()}
[0.000496] (lidar_reg) JobStarted: {'identifier': 'lidar_reg'}
[0.011770] (regulation_ang) JobStarted: {'identifier': 'regulation_ang'}
[0.019415] (regulation_vel) JobStarted: {'identifier': 'regulation_vel'}
[0.026347] (shin_detector) JobStarted: {'identifier': 'shin_detector'}
[0.097653] (lidar_reg) StderrLine: {'line': b'Traceback (most recent call last):\n  File "/usr/lib/python3/dist-packages/colcon_core/executor/__init__.py", line 91, in __call__\n    rc = await self.task(*args, **kwargs)\n  File "/usr/lib/python3/dist-packages/colcon_core/task/__init__.py", line 93, in __call__\n    return await task_method(*args, **kwargs)\n  File "/usr/lib/python3/dist-packages/colcon_ros/task/ament_python/build.py", line 102, in build\n    return await extension.build(additional_hooks=additional_hooks)\n  File "/usr/lib/python3/dist-packages/colcon_core/task/python/build.py", line 90, in build\n    available_commands = await self._get_available_commands(\n  File "/usr/lib/python3/dist-packages/colcon_core/task/python/build.py", line 188, in _get_available_commands\n    output = await check_output(\n  File "/usr/lib/python3/dist-packages/colcon_core/subprocess.py", line 129, in check_output\n    assert not rc, f\'Expected {args} to pass: {stderr_data}\'\nAssertionError: Expected [\'/usr/bin/python3\', \'-W\', \'ignore:setup.py install is deprecated\', \'setup.py\', \'--help-commands\'] to pass: Traceback (most recent call last):\n  File "setup.py", line 1, in <module>\n    from setuptools import setup\n  File "/usr/lib/python3/dist-packages/setuptools/__init__.py", line 10, in <module>\n    import distutils.core\nModuleNotFoundError: No module named \'distutils.core\'\n\n'}
[0.098362] (lidar_reg) JobEnded: {'identifier': 'lidar_reg', 'rc': 1}
[0.099757] (regulation_ang) JobEnded: {'identifier': 'regulation_ang', 'rc': 'SIGINT'}
[0.100128] (-) TimerEvent: {}
[0.102497] (regulation_vel) JobEnded: {'identifier': 'regulation_vel', 'rc': 'SIGINT'}
[0.106748] (shin_detector) JobEnded: {'identifier': 'shin_detector', 'rc': 'SIGINT'}
[0.117338] (-) EventReactorShutdown: {}
