[1.383s] Invoking command in '/home/kodenfly123/ros2_ws/src/Follow_me_algorithm-main/lidar_reg': PYTHONPATH=/home/kodenfly123/ros2_ws/src/Follow_me_algorithm-main/build/lidar_reg/prefix_override:/home/kodenfly123/ros2_ws/src/Follow_me_algorithm-main/install/lidar_reg/lib/python3.10/site-packages:${PYTHONPATH} /usr/bin/python3 -W ignore:setup.py install is deprecated setup.py egg_info --egg-base ../build/lidar_reg build --build-base /home/kodenfly123/ros2_ws/src/Follow_me_algorithm-main/build/lidar_reg/build install --record /home/kodenfly123/ros2_ws/src/Follow_me_algorithm-main/build/lidar_reg/install.log --install-scripts $base/lib/lidar_reg --single-version-externally-managed install_data
[1.640s] Traceback (most recent call last):
[1.640s]   File "/usr/lib/python3/dist-packages/pkg_resources/__init__.py", line 2866, in get_entry_map
[1.640s]     ep_map = self._ep_map
[1.640s]   File "/usr/lib/python3/dist-packages/pkg_resources/__init__.py", line 2828, in __getattr__
[1.642s]     raise AttributeError(attr)
[1.642s] AttributeError: _ep_map. Did you mean: '_dep_map'?
[1.642s] 
[1.642s] During handling of the above exception, another exception occurred:
[1.642s] 
[1.643s] Traceback (most recent call last):
[1.643s]   File "/home/kodenfly123/ros2_ws/src/Follow_me_algorithm-main/lidar_reg/setup.py", line 5, in <module>
[1.643s]     setup(
[1.643s]   File "/usr/lib/python3/dist-packages/setuptools/__init__.py", line 152, in setup
[1.643s]     _install_setup_requires(attrs)
[1.643s]   File "/usr/lib/python3/dist-packages/setuptools/__init__.py", line 142, in _install_setup_requires
[1.643s]     dist = MinimalDistribution(attrs)
[1.644s]   File "/usr/lib/python3/dist-packages/setuptools/__init__.py", line 134, in __init__
[1.644s]     distutils.core.Distribution.__init__(self, filtered)
[1.644s]   File "/usr/lib/python3/dist-packages/setuptools/dist.py", line 457, in __init__
[1.644s]     for ep in pkg_resources.iter_entry_points('distutils.setup_keywords'):
[1.644s]   File "/usr/lib/python3/dist-packages/pkg_resources/__init__.py", line 646, in <genexpr>
[1.644s]     for entry in dist.get_entry_map(group).values()
[1.645s]   File "/usr/lib/python3/dist-packages/pkg_resources/__init__.py", line 2868, in get_entry_map
[1.645s]     ep_map = self._ep_map = EntryPoint.parse_map(
[1.645s]   File "/usr/lib/python3/dist-packages/pkg_resources/__init__.py", line 2549, in parse_map
[1.645s]     for group, lines in data:
[1.645s]   File "/usr/lib/python3/dist-packages/pkg_resources/__init__.py", line 3205, in split_sections
[1.645s]     for line in yield_lines(s):
[1.646s]   File "/usr/lib/python3/dist-packages/pkg_resources/__init__.py", line 2780, in _get_metadata
[1.646s]     for line in self.get_metadata_lines(name):
[1.646s]   File "/usr/lib/python3/dist-packages/pkg_resources/__init__.py", line 1422, in get_metadata_lines
[1.646s]     return yield_lines(self.get_metadata(name))
[1.646s]   File "/usr/lib/python3/dist-packages/pkg_resources/__init__.py", line 1412, in get_metadata
[1.647s]     value = self._get(path)
[1.647s]   File "/usr/lib/python3/dist-packages/pkg_resources/__init__.py", line 1616, in _get
[1.647s]     with open(path, 'rb') as stream:
[1.647s] FileNotFoundError: [Errno 2] No such file or directory: '/home/kodenfly123/ros2_ws/src/Follow_me_algorithm-main/install/regulation_ang/lib/python3.10/site-packages/regulation_ang-0.0.0-py3.10.egg-info/entry_points.txt'
[1.677s] Invoked command in '/home/kodenfly123/ros2_ws/src/Follow_me_algorithm-main/lidar_reg' returned '1': PYTHONPATH=/home/kodenfly123/ros2_ws/src/Follow_me_algorithm-main/build/lidar_reg/prefix_override:/home/kodenfly123/ros2_ws/src/Follow_me_algorithm-main/install/lidar_reg/lib/python3.10/site-packages:${PYTHONPATH} /usr/bin/python3 -W ignore:setup.py install is deprecated setup.py egg_info --egg-base ../build/lidar_reg build --build-base /home/kodenfly123/ros2_ws/src/Follow_me_algorithm-main/build/lidar_reg/build install --record /home/kodenfly123/ros2_ws/src/Follow_me_algorithm-main/build/lidar_reg/install.log --install-scripts $base/lib/lidar_reg --single-version-externally-managed install_data
